2021-05-12 10:24:44,326 INFO o.s.b.StartupInfoLogger [main] Starting CommonControllerIT using Java 11.0.10 on DESKTOP-UCSN0OM with PID 18780 (started by tonys in C:\Users\tonys.DESKTOP-UCSN0OM\Documents\Datas\workspace\safety-net-backend)
2021-05-12 10:24:44,345 DEBUG o.s.b.StartupInfoLogger [main] Running with Spring Boot v2.4.4, Spring v5.3.5
2021-05-12 10:24:44,349 INFO o.s.b.SpringApplication [main] No active profile set, falling back to default profiles: default
2021-05-12 10:24:46,137 INFO o.s.s.c.ExecutorConfigurationSupport [main] Initializing ExecutorService 'applicationTaskExecutor'
2021-05-12 10:24:46,461 INFO o.s.m.w.MockServletContext [main] Initializing Spring TestDispatcherServlet ''
2021-05-12 10:24:46,461 INFO o.s.w.s.FrameworkServlet [main] Initializing Servlet ''
2021-05-12 10:24:46,463 INFO o.s.w.s.FrameworkServlet [main] Completed initialization in 0 ms
2021-05-12 10:24:46,493 INFO o.s.b.StartupInfoLogger [main] Started CommonControllerIT in 3.002 seconds (JVM running for 5.168)
2021-05-12 10:24:46,599 DEBUG c.s.b.c.CommonControllers [main] [ GET /personInfo?firstName=Dany&lastName=Simons ]
2021-05-12 10:24:46,604 INFO c.s.b.c.CommonControllers [main] [PersonInfoDto(firstName=Dany, lastName=null, address=null, age=0, email=null, medications=null, allergies=null)]
2021-05-12 10:24:46,812 DEBUG c.s.b.c.CommonControllers [main] [ GET /communityEmail?city=culver ]
2021-05-12 10:24:46,813 INFO c.s.b.c.CommonControllers [main] [email@domain.com]
2021-05-12 10:24:46,828 DEBUG c.s.b.c.CommonControllers [main] [ GET /fire?address=address ]
2021-05-12 10:24:46,829 INFO c.s.b.c.CommonControllers [main] PersonInfoWithFireStationDto(fireStationNumber=2, persons=[])
2021-05-12 10:24:46,843 DEBUG c.s.b.c.CommonControllers [main] [ GET /childAlert?address=adress ]
2021-05-12 10:24:46,845 INFO c.s.b.c.CommonControllers [main] [ChildInfoDto(firstName=null, lastName=null, age=6, familyMembers=null)]
2021-05-12 10:24:46,859 DEBUG c.s.b.c.CommonControllers [main] [ GET /flood/stations?stations=[1] ]
2021-05-12 10:24:46,859 INFO c.s.b.c.CommonControllers [main] [FloodStationsDto(stationNumber=1, personsPerAddress=[])]
2021-05-12 10:24:46,874 DEBUG c.s.b.c.CommonControllers [main] [ GET /phoneAlert?firestation=2 ]
2021-05-12 10:24:46,875 INFO c.s.b.c.CommonControllers [main] [237-69878-098]
2021-05-12 10:24:46,888 DEBUG c.s.b.c.CommonControllers [main] [ GET /firestation?stationNumber=6 ]
2021-05-12 10:24:46,889 INFO c.s.b.c.CommonControllers [main] PersonsInfoWithChildAndAdultCount(persons=[], children=0, adults=0)
2021-05-12 10:24:46,904 INFO o.s.t.c.s.AbstractTestContextBootstrapper [main] Neither @ContextConfiguration nor @ContextHierarchy found for test class [com.safetynet.backend.integration.controllers.FirestationControllerIT], using SpringBootContextLoader
2021-05-12 10:24:46,906 INFO o.s.t.c.s.AbstractContextLoader [main] Could not detect default resource locations for test class [com.safetynet.backend.integration.controllers.FirestationControllerIT]: no resource found for suffixes {-context.xml, Context.groovy}.
2021-05-12 10:24:46,907 INFO o.s.t.c.s.AnnotationConfigContextLoaderUtils [main] Could not detect default configuration classes for test class [com.safetynet.backend.integration.controllers.FirestationControllerIT]: FirestationControllerIT does not declare any static, non-private, non-final, nested classes annotated with @Configuration.
2021-05-12 10:24:46,913 INFO o.s.b.t.c.SpringBootTestContextBootstrapper [main] Found @SpringBootConfiguration com.safetynet.backend.SafetyNetBackendApplication for test class com.safetynet.backend.integration.controllers.FirestationControllerIT
2021-05-12 10:24:46,914 INFO o.s.t.c.s.AbstractTestContextBootstrapper [main] Loaded default TestExecutionListener class names from location [META-INF/spring.factories]: [org.springframework.boot.test.mock.mockito.MockitoTestExecutionListener, org.springframework.boot.test.mock.mockito.ResetMocksTestExecutionListener, org.springframework.boot.test.autoconfigure.restdocs.RestDocsTestExecutionListener, org.springframework.boot.test.autoconfigure.web.client.MockRestServiceServerResetTestExecutionListener, org.springframework.boot.test.autoconfigure.web.servlet.MockMvcPrintOnlyOnFailureTestExecutionListener, org.springframework.boot.test.autoconfigure.web.servlet.WebDriverTestExecutionListener, org.springframework.boot.test.autoconfigure.webservices.client.MockWebServiceServerTestExecutionListener, org.springframework.test.context.web.ServletTestExecutionListener, org.springframework.test.context.support.DirtiesContextBeforeModesTestExecutionListener, org.springframework.test.context.event.ApplicationEventsTestExecutionListener, org.springframework.test.context.support.DependencyInjectionTestExecutionListener, org.springframework.test.context.support.DirtiesContextTestExecutionListener, org.springframework.test.context.transaction.TransactionalTestExecutionListener, org.springframework.test.context.jdbc.SqlScriptsTestExecutionListener, org.springframework.test.context.event.EventPublishingTestExecutionListener]
2021-05-12 10:24:46,918 INFO o.s.t.c.s.AbstractTestContextBootstrapper [main] Using TestExecutionListeners: [org.springframework.test.context.web.ServletTestExecutionListener@7c0e605d, org.springframework.test.context.support.DirtiesContextBeforeModesTestExecutionListener@7f67d19a, org.springframework.test.context.event.ApplicationEventsTestExecutionListener@1e6bb40b, org.springframework.boot.test.mock.mockito.MockitoTestExecutionListener@f0eba1f, org.springframework.boot.test.autoconfigure.SpringBootDependencyInjectionTestExecutionListener@d3f2b, org.springframework.test.context.support.DirtiesContextTestExecutionListener@4127d5b1, org.springframework.test.context.event.EventPublishingTestExecutionListener@22fea72, org.springframework.boot.test.mock.mockito.ResetMocksTestExecutionListener@788b766a, org.springframework.boot.test.autoconfigure.restdocs.RestDocsTestExecutionListener@1116ea37, org.springframework.boot.test.autoconfigure.web.client.MockRestServiceServerResetTestExecutionListener@6e633ff9, org.springframework.boot.test.autoconfigure.web.servlet.MockMvcPrintOnlyOnFailureTestExecutionListener@1362243d, org.springframework.boot.test.autoconfigure.web.servlet.WebDriverTestExecutionListener@3079281d, org.springframework.boot.test.autoconfigure.webservices.client.MockWebServiceServerTestExecutionListener@16982b77]
2021-05-12 10:24:46,963 INFO o.s.b.StartupInfoLogger [main] Starting FirestationControllerIT using Java 11.0.10 on DESKTOP-UCSN0OM with PID 18780 (started by tonys in C:\Users\tonys.DESKTOP-UCSN0OM\Documents\Datas\workspace\safety-net-backend)
2021-05-12 10:24:46,964 DEBUG o.s.b.StartupInfoLogger [main] Running with Spring Boot v2.4.4, Spring v5.3.5
2021-05-12 10:24:46,965 INFO o.s.b.SpringApplication [main] No active profile set, falling back to default profiles: default
2021-05-12 10:24:47,320 INFO o.s.s.c.ExecutorConfigurationSupport [main] Initializing ExecutorService 'applicationTaskExecutor'
2021-05-12 10:24:47,487 INFO o.s.m.w.MockServletContext [main] Initializing Spring TestDispatcherServlet ''
2021-05-12 10:24:47,487 INFO o.s.w.s.FrameworkServlet [main] Initializing Servlet ''
2021-05-12 10:24:47,489 INFO o.s.w.s.FrameworkServlet [main] Completed initialization in 0 ms
2021-05-12 10:24:47,500 INFO o.s.b.StartupInfoLogger [main] Started FirestationControllerIT in 0.579 seconds (JVM running for 6.175)
2021-05-12 10:24:47,578 DEBUG c.s.b.c.FirestationController [main] [ DELETE /firestation ]
2021-05-12 10:24:47,578 INFO c.s.b.c.FirestationController [main] Firestation deleted  - com.safetynet.backend.entities.Firestation@dc4
2021-05-12 10:24:47,589 DEBUG c.s.b.c.FirestationController [main] [ POST /firestation ]
2021-05-12 10:24:47,590 INFO c.s.b.c.FirestationController [main] Firestation created - com.safetynet.backend.entities.Firestation@dc4
2021-05-12 10:24:47,602 DEBUG c.s.b.c.FirestationController [main] [ PUT /firestation ]
2021-05-12 10:24:47,603 INFO c.s.b.c.FirestationController [main] Firestation updated - com.safetynet.backend.entities.Firestation@dc4
2021-05-12 10:24:47,610 INFO o.s.t.c.s.AbstractTestContextBootstrapper [main] Neither @ContextConfiguration nor @ContextHierarchy found for test class [com.safetynet.backend.integration.controllers.MedicalRecordControllerIT], using SpringBootContextLoader
2021-05-12 10:24:47,612 INFO o.s.t.c.s.AbstractContextLoader [main] Could not detect default resource locations for test class [com.safetynet.backend.integration.controllers.MedicalRecordControllerIT]: no resource found for suffixes {-context.xml, Context.groovy}.
2021-05-12 10:24:47,613 INFO o.s.t.c.s.AnnotationConfigContextLoaderUtils [main] Could not detect default configuration classes for test class [com.safetynet.backend.integration.controllers.MedicalRecordControllerIT]: MedicalRecordControllerIT does not declare any static, non-private, non-final, nested classes annotated with @Configuration.
2021-05-12 10:24:47,617 INFO o.s.b.t.c.SpringBootTestContextBootstrapper [main] Found @SpringBootConfiguration com.safetynet.backend.SafetyNetBackendApplication for test class com.safetynet.backend.integration.controllers.MedicalRecordControllerIT
2021-05-12 10:24:47,618 INFO o.s.t.c.s.AbstractTestContextBootstrapper [main] Loaded default TestExecutionListener class names from location [META-INF/spring.factories]: [org.springframework.boot.test.mock.mockito.MockitoTestExecutionListener, org.springframework.boot.test.mock.mockito.ResetMocksTestExecutionListener, org.springframework.boot.test.autoconfigure.restdocs.RestDocsTestExecutionListener, org.springframework.boot.test.autoconfigure.web.client.MockRestServiceServerResetTestExecutionListener, org.springframework.boot.test.autoconfigure.web.servlet.MockMvcPrintOnlyOnFailureTestExecutionListener, org.springframework.boot.test.autoconfigure.web.servlet.WebDriverTestExecutionListener, org.springframework.boot.test.autoconfigure.webservices.client.MockWebServiceServerTestExecutionListener, org.springframework.test.context.web.ServletTestExecutionListener, org.springframework.test.context.support.DirtiesContextBeforeModesTestExecutionListener, org.springframework.test.context.event.ApplicationEventsTestExecutionListener, org.springframework.test.context.support.DependencyInjectionTestExecutionListener, org.springframework.test.context.support.DirtiesContextTestExecutionListener, org.springframework.test.context.transaction.TransactionalTestExecutionListener, org.springframework.test.context.jdbc.SqlScriptsTestExecutionListener, org.springframework.test.context.event.EventPublishingTestExecutionListener]
2021-05-12 10:24:47,620 INFO o.s.t.c.s.AbstractTestContextBootstrapper [main] Using TestExecutionListeners: [org.springframework.test.context.web.ServletTestExecutionListener@28d1030d, org.springframework.test.context.support.DirtiesContextBeforeModesTestExecutionListener@5b6ba5bb, org.springframework.test.context.event.ApplicationEventsTestExecutionListener@181419c5, org.springframework.boot.test.mock.mockito.MockitoTestExecutionListener@57dea250, org.springframework.boot.test.autoconfigure.SpringBootDependencyInjectionTestExecutionListener@77b71acd, org.springframework.test.context.support.DirtiesContextTestExecutionListener@71f72ffd, org.springframework.test.context.event.EventPublishingTestExecutionListener@4995ca37, org.springframework.boot.test.mock.mockito.ResetMocksTestExecutionListener@6b7b3d77, org.springframework.boot.test.autoconfigure.restdocs.RestDocsTestExecutionListener@24d533a7, org.springframework.boot.test.autoconfigure.web.client.MockRestServiceServerResetTestExecutionListener@6c957807, org.springframework.boot.test.autoconfigure.web.servlet.MockMvcPrintOnlyOnFailureTestExecutionListener@b36d3d0, org.springframework.boot.test.autoconfigure.web.servlet.WebDriverTestExecutionListener@3994d744, org.springframework.boot.test.autoconfigure.webservices.client.MockWebServiceServerTestExecutionListener@345183da]
2021-05-12 10:24:47,655 INFO o.s.b.StartupInfoLogger [main] Starting MedicalRecordControllerIT using Java 11.0.10 on DESKTOP-UCSN0OM with PID 18780 (started by tonys in C:\Users\tonys.DESKTOP-UCSN0OM\Documents\Datas\workspace\safety-net-backend)
2021-05-12 10:24:47,656 DEBUG o.s.b.StartupInfoLogger [main] Running with Spring Boot v2.4.4, Spring v5.3.5
2021-05-12 10:24:47,658 INFO o.s.b.SpringApplication [main] No active profile set, falling back to default profiles: default
2021-05-12 10:24:47,971 INFO o.s.s.c.ExecutorConfigurationSupport [main] Initializing ExecutorService 'applicationTaskExecutor'
2021-05-12 10:24:48,132 INFO o.s.m.w.MockServletContext [main] Initializing Spring TestDispatcherServlet ''
2021-05-12 10:24:48,133 INFO o.s.w.s.FrameworkServlet [main] Initializing Servlet ''
2021-05-12 10:24:48,134 INFO o.s.w.s.FrameworkServlet [main] Completed initialization in 0 ms
2021-05-12 10:24:48,148 INFO o.s.b.StartupInfoLogger [main] Started MedicalRecordControllerIT in 0.523 seconds (JVM running for 6.823)
2021-05-12 10:24:48,166 DEBUG c.s.b.c.MedicalRecordController [main] [ DELETE /medicalRecord ]
2021-05-12 10:24:48,167 INFO c.s.b.c.MedicalRecordController [main] MedicalRecord deleted - com.safetynet.backend.entities.MedicalRecord@4a347f0e
2021-05-12 10:24:48,179 DEBUG c.s.b.c.MedicalRecordController [main] [ PUT /medicalRecord ]
2021-05-12 10:24:48,180 INFO c.s.b.c.MedicalRecordController [main] MedicalRecord updated - com.safetynet.backend.entities.MedicalRecord@4a347f0e
2021-05-12 10:24:48,190 DEBUG c.s.b.c.MedicalRecordController [main] [ POST /medicalRecord ]
2021-05-12 10:24:48,191 INFO c.s.b.c.MedicalRecordController [main] MedicalRecord created - com.safetynet.backend.entities.MedicalRecord@4a347f0e
2021-05-12 10:24:48,201 INFO o.s.t.c.s.AbstractTestContextBootstrapper [main] Neither @ContextConfiguration nor @ContextHierarchy found for test class [com.safetynet.backend.integration.controllers.PersonControllerIT], using SpringBootContextLoader
2021-05-12 10:24:48,203 INFO o.s.t.c.s.AbstractContextLoader [main] Could not detect default resource locations for test class [com.safetynet.backend.integration.controllers.PersonControllerIT]: no resource found for suffixes {-context.xml, Context.groovy}.
2021-05-12 10:24:48,204 INFO o.s.t.c.s.AnnotationConfigContextLoaderUtils [main] Could not detect default configuration classes for test class [com.safetynet.backend.integration.controllers.PersonControllerIT]: PersonControllerIT does not declare any static, non-private, non-final, nested classes annotated with @Configuration.
2021-05-12 10:24:48,211 INFO o.s.b.t.c.SpringBootTestContextBootstrapper [main] Found @SpringBootConfiguration com.safetynet.backend.SafetyNetBackendApplication for test class com.safetynet.backend.integration.controllers.PersonControllerIT
2021-05-12 10:24:48,212 INFO o.s.t.c.s.AbstractTestContextBootstrapper [main] Loaded default TestExecutionListener class names from location [META-INF/spring.factories]: [org.springframework.boot.test.mock.mockito.MockitoTestExecutionListener, org.springframework.boot.test.mock.mockito.ResetMocksTestExecutionListener, org.springframework.boot.test.autoconfigure.restdocs.RestDocsTestExecutionListener, org.springframework.boot.test.autoconfigure.web.client.MockRestServiceServerResetTestExecutionListener, org.springframework.boot.test.autoconfigure.web.servlet.MockMvcPrintOnlyOnFailureTestExecutionListener, org.springframework.boot.test.autoconfigure.web.servlet.WebDriverTestExecutionListener, org.springframework.boot.test.autoconfigure.webservices.client.MockWebServiceServerTestExecutionListener, org.springframework.test.context.web.ServletTestExecutionListener, org.springframework.test.context.support.DirtiesContextBeforeModesTestExecutionListener, org.springframework.test.context.event.ApplicationEventsTestExecutionListener, org.springframework.test.context.support.DependencyInjectionTestExecutionListener, org.springframework.test.context.support.DirtiesContextTestExecutionListener, org.springframework.test.context.transaction.TransactionalTestExecutionListener, org.springframework.test.context.jdbc.SqlScriptsTestExecutionListener, org.springframework.test.context.event.EventPublishingTestExecutionListener]
2021-05-12 10:24:48,213 INFO o.s.t.c.s.AbstractTestContextBootstrapper [main] Using TestExecutionListeners: [org.springframework.test.context.web.ServletTestExecutionListener@2971cea9, org.springframework.test.context.support.DirtiesContextBeforeModesTestExecutionListener@594d3c8f, org.springframework.test.context.event.ApplicationEventsTestExecutionListener@6d42a613, org.springframework.boot.test.mock.mockito.MockitoTestExecutionListener@544eba2, org.springframework.boot.test.autoconfigure.SpringBootDependencyInjectionTestExecutionListener@22e76925, org.springframework.test.context.support.DirtiesContextTestExecutionListener@127e90b2, org.springframework.test.context.event.EventPublishingTestExecutionListener@6af4ced0, org.springframework.boot.test.mock.mockito.ResetMocksTestExecutionListener@48cf21d7, org.springframework.boot.test.autoconfigure.restdocs.RestDocsTestExecutionListener@51f8c7aa, org.springframework.boot.test.autoconfigure.web.client.MockRestServiceServerResetTestExecutionListener@37652627, org.springframework.boot.test.autoconfigure.web.servlet.MockMvcPrintOnlyOnFailureTestExecutionListener@7b2bfc55, org.springframework.boot.test.autoconfigure.web.servlet.WebDriverTestExecutionListener@4adbab7e, org.springframework.boot.test.autoconfigure.webservices.client.MockWebServiceServerTestExecutionListener@5d09f018]
2021-05-12 10:24:48,247 INFO o.s.b.StartupInfoLogger [main] Starting PersonControllerIT using Java 11.0.10 on DESKTOP-UCSN0OM with PID 18780 (started by tonys in C:\Users\tonys.DESKTOP-UCSN0OM\Documents\Datas\workspace\safety-net-backend)
2021-05-12 10:24:48,248 DEBUG o.s.b.StartupInfoLogger [main] Running with Spring Boot v2.4.4, Spring v5.3.5
2021-05-12 10:24:48,249 INFO o.s.b.SpringApplication [main] No active profile set, falling back to default profiles: default
2021-05-12 10:24:48,567 INFO o.s.s.c.ExecutorConfigurationSupport [main] Initializing ExecutorService 'applicationTaskExecutor'
2021-05-12 10:24:48,701 INFO o.s.m.w.MockServletContext [main] Initializing Spring TestDispatcherServlet ''
2021-05-12 10:24:48,701 INFO o.s.w.s.FrameworkServlet [main] Initializing Servlet ''
2021-05-12 10:24:48,702 INFO o.s.w.s.FrameworkServlet [main] Completed initialization in 1 ms
2021-05-12 10:24:48,714 INFO o.s.b.StartupInfoLogger [main] Started PersonControllerIT in 0.496 seconds (JVM running for 7.389)
2021-05-12 10:24:48,728 DEBUG c.s.b.c.PersonController [main] [ PUT /person ]
2021-05-12 10:24:48,729 INFO c.s.b.c.PersonController [main] Person updated Person(firstName=null, lastName=null, address=null, city=null, zip=null, phone=null, email=null)
2021-05-12 10:24:48,740 DEBUG c.s.b.c.PersonController [main] [ DELETE /person ]
2021-05-12 10:24:48,741 INFO c.s.b.c.PersonController [main] Person deleted Person(firstName=null, lastName=null, address=null, city=null, zip=null, phone=null, email=null)
2021-05-12 10:24:48,749 DEBUG c.s.b.c.PersonController [main] [ POST /person ]
2021-05-12 10:24:48,750 INFO c.s.b.c.PersonController [main] Person saved Person(firstName=null, lastName=null, address=null, city=null, zip=null, phone=null, email=null)
2021-05-12 10:24:48,792 ERROR c.s.b.s.ManageWithJsonFIle [main] Echec parsing du json :src/main/resources/falsedata.json  Erreur: src\main\resources\falsedata.json (Le fichier spécifié est introuvable)
2021-05-12 10:24:48,805 INFO o.s.s.c.ExecutorConfigurationSupport [SpringContextShutdownHook] Shutting down ExecutorService 'applicationTaskExecutor'
2021-05-12 10:24:48,805 INFO o.s.s.c.ExecutorConfigurationSupport [SpringContextShutdownHook] Shutting down ExecutorService 'applicationTaskExecutor'
2021-05-12 10:24:48,805 INFO o.s.s.c.ExecutorConfigurationSupport [SpringContextShutdownHook] Shutting down ExecutorService 'applicationTaskExecutor'
2021-05-12 10:24:48,805 INFO o.s.s.c.ExecutorConfigurationSupport [SpringContextShutdownHook] Shutting down ExecutorService 'applicationTaskExecutor'
2021-05-12 10:25:04,866 INFO o.s.s.c.ExecutorConfigurationSupport [Thread-88] Shutting down ExecutorService 'applicationTaskExecutor'
2021-05-12 10:25:04,949 INFO o.s.b.StartupInfoLogger [restartedMain] Starting SafetyNetBackendApplication using Java 11.0.10 on DESKTOP-UCSN0OM with PID 37436 (C:\Users\tonys.DESKTOP-UCSN0OM\Documents\Datas\workspace\safety-net-backend\target\classes started by tonys in C:\Users\tonys.DESKTOP-UCSN0OM\Documents\Datas\workspace\safety-net-backend)
2021-05-12 10:25:04,949 DEBUG o.s.b.StartupInfoLogger [restartedMain] Running with Spring Boot v2.4.4, Spring v5.3.5
2021-05-12 10:25:04,950 INFO o.s.b.SpringApplication [restartedMain] No active profile set, falling back to default profiles: default
2021-05-12 10:25:05,151 INFO o.s.b.w.e.t.TomcatWebServer [restartedMain] Tomcat initialized with port(s): 8080 (http)
2021-05-12 10:25:05,151 INFO o.a.j.l.DirectJDKLog [restartedMain] Initializing ProtocolHandler ["http-nio-8080"]
2021-05-12 10:25:05,151 INFO o.a.j.l.DirectJDKLog [restartedMain] Starting service [Tomcat]
2021-05-12 10:25:05,151 INFO o.a.j.l.DirectJDKLog [restartedMain] Starting Servlet engine: [Apache Tomcat/9.0.44]
2021-05-12 10:25:05,164 INFO o.a.j.l.DirectJDKLog [restartedMain] Initializing Spring embedded WebApplicationContext
2021-05-12 10:25:05,164 INFO o.s.b.w.s.c.ServletWebServerApplicationContext [restartedMain] Root WebApplicationContext: initialization completed in 213 ms
2021-05-12 10:25:05,204 INFO o.s.s.c.ExecutorConfigurationSupport [restartedMain] Initializing ExecutorService 'applicationTaskExecutor'
2021-05-12 10:25:05,248 INFO o.s.b.d.a.OptionalLiveReloadServer [restartedMain] LiveReload server is running on port 35729
2021-05-12 10:25:05,250 INFO o.s.b.a.e.w.EndpointLinksResolver [restartedMain] Exposing 4 endpoint(s) beneath base path '/actuator'
2021-05-12 10:25:05,258 INFO o.a.j.l.DirectJDKLog [restartedMain] Starting ProtocolHandler ["http-nio-8080"]
2021-05-12 10:25:05,261 INFO o.s.b.w.e.t.TomcatWebServer [restartedMain] Tomcat started on port(s): 8080 (http) with context path ''
2021-05-12 10:25:05,268 INFO o.s.b.StartupInfoLogger [restartedMain] Started SafetyNetBackendApplication in 0.349 seconds (JVM running for 3239.379)
2021-05-12 10:25:05,269 INFO o.s.b.d.a.ConditionEvaluationDeltaLoggingListener [restartedMain] Condition evaluation unchanged
